<?xml version="1.0" encoding="UTF-8"?>
<testsuite xmlns:xsi="http://www.w3.org/2001/XMLSchema-instance" xsi:noNamespaceSchemaLocation="https://maven.apache.org/surefire/maven-surefire-plugin/xsd/surefire-test-report-3.0.xsd" version="3.0" name="com.jorgito.qa.ApiTest" time="4.314" tests="5" errors="0" skipped="0" failures="0">
  <properties>
[...]
</properties>
  <testcase name="[1.1:32] Login correcto desde CSV" classname="features/login" time="1.516">
    <system-out><![CDATA[11:11:07.112 [main] INFO  com.intuit.karate - Login correcto -> status: 500 responseType: string response: <!doctype html>
<html lang=en>
<title>500 Internal Server Error</title>
<h1>Internal Server Error</h1>
<p>The server encountered an internal error and was unable to complete your request. Either the server is overloaded or there is an error in the application.</p>
 
]]></system-out>
  </testcase>
  <testcase name="[2:34] Login incorrecto desde JSON" classname="features/login" time="0.748">
    <system-out><![CDATA[11:11:07.388 [main] INFO  com.intuit.karate - 500 responseType: string response: <!doctype html>
<html lang=en>
<title>500 Internal Server Error</title>
<h1>Internal Server Error</h1>
<p>The server encountered an internal error and was unable to complete your request. Either the server is overloaded or there is an error in the application.</p>
 
11:11:07.389 [main] INFO  com.intuit.karate - Login incorrecto -> status: 500 responseType: string response: <!doctype html>
<html lang=en>
<title>500 Internal Server Error</title>
<h1>Internal Server Error</h1>
<p>The server encountered an internal error and was unable to complete your request. Either the server is overloaded or there is an error in the application.</p>
 
---------------------------------------------------------
feature: classpath:features/login.feature
scenarios:  2 | passed:  2 | failed:  0 | time: 0,9675
---------------------------------------------------------

]]></system-out>
  </testcase>
  <testcase name="[1:11] Crear nuevo usuario (signup) - username único" classname="features/signup" time="0.299">
    <system-out><![CDATA[11:11:08.168 [main] INFO  com.intuit.karate - Signup nuevo (unique) -> user: signup_#(karate.uuid())_cfa9aa status: 200 responseType: string response: ""
 
]]></system-out>
  </testcase>
  <testcase name="[2.1:48] Intentar crear usuario existente (signup) desde CSV" classname="features/signup" time="0.333">
    <system-out><![CDATA[11:11:08.428 [main] INFO  com.intuit.karate - Signup existente -> status: 500 responseType: string response: <!doctype html>
<html lang=en>
<title>500 Internal Server Error</title>
<h1>Internal Server Error</h1>
<p>The server encountered an internal error and was unable to complete your request. Either the server is overloaded or there is an error in the application.</p>
 
---------------------------------------------------------
feature: classpath:features/signup.feature
scenarios:  2 | passed:  2 | failed:  0 | time: 0,5443
---------------------------------------------------------

]]></system-out>
  </testcase>
  <testcase name="[1:3] Ensure user exists" classname="features/_helpers/ensure-user" time="0.46">
    <system-out><![CDATA[11:11:08.786 [main] INFO  com.intuit.karate - ensure-user -> username: null status: 500 response: <!doctype html>
<html lang=en>
<title>500 Internal Server Error</title>
<h1>Internal Server Error</h1>
<p>The server encountered an internal error and was unable to complete your request. Either the server is overloaded or there is an error in the application.</p>
 
---------------------------------------------------------
feature: classpath:features/_helpers/ensure-user.feature
scenarios:  1 | passed:  1 | failed:  0 | time: 0,2768
---------------------------------------------------------

Karate version: 1.4.1
======================================================
elapsed:   3,56 | threads:    1 | thread time: 1,79 
features:     3 | skipped:    0 | efficiency: 0,50
scenarios:    5 | passed:     5 | failed: 0
======================================================

HTML report: (paste into browser to view) | Karate version: 1.4.1
file:///J:/TATA%20TCS/Ejercicio%20Practico/karate-demoblaze-api/target/karate-reports/karate-summary.html
===================================================================

]]></system-out>
  </testcase>
</testsuite>